<?xml version="1.0" encoding="UTF-8"?>
<!-- Generated by org.testng.reporters.JUnitReportReporter -->
<testsuite skipped="0" hostname="DELL" name="com.testng.BasicsTestNg" tests="3" failures="0" timestamp="2020-02-23T19:08:47 IST" time="0.016" errors="0">
  <testcase name="GoogleTitleTest" time="0.009" classname="com.testng.BasicsTestNg"/>
  <testcase name="verifyData" time="0.004" classname="com.testng.BasicsTestNg"/>
  <testcase name="searchData" time="0.003" classname="com.testng.BasicsTestNg"/>
</testsuite> <!-- com.testng.BasicsTestNg -->
