<?xml version="1.0" encoding="UTF-8"?>
<!-- Generated by org.testng.reporters.JUnitReportReporter -->
<testsuite skipped="0" hostname="DELL" name="TestNGBasics.BasicsOfTestNG" tests="3" failures="0" timestamp="2020-02-23T15:45:32 IST" time="0.039" errors="0">
  <testcase name="GoogleTitleTest" time="0.023" classname="TestNGBasics.BasicsOfTestNG"/>
  <testcase name="searchData" time="0.007" classname="TestNGBasics.BasicsOfTestNG"/>
  <testcase name="verifyData" time="0.009" classname="TestNGBasics.BasicsOfTestNG"/>
</testsuite> <!-- TestNGBasics.BasicsOfTestNG -->
