<?xml version="1.0" encoding="UTF-8"?>
<!-- Generated by org.testng.reporters.JUnitReportReporter -->
<testsuite skipped="0" hostname="DELL" name="com.testng.DependsMethodsInNG" tests="3" failures="0" timestamp="2020-02-23T19:08:47 IST" time="17.302" errors="0">
  <testcase name="verifyGoogleTitleTest" time="6.438" classname="com.testng.DependsMethodsInNG"/>
  <testcase name="verifyGoogleLinkTest" time="5.342" classname="com.testng.DependsMethodsInNG"/>
  <testcase name="verifyGoogleLogoTest" time="5.522" classname="com.testng.DependsMethodsInNG"/>
</testsuite> <!-- com.testng.DependsMethodsInNG -->
