<?xml version="1.0" encoding="UTF-8"?>
<!-- Generated by org.testng.reporters.JUnitReportReporter -->
<testsuite skipped="0" hostname="DELL" name="com.parameters.LoginTest" tests="1" failures="0" timestamp="2020-02-23T19:22:50 IST" time="7.233" errors="0">
  <testcase name="login" time="7.233" classname="com.parameters.LoginTest"/>
</testsuite> <!-- com.parameters.LoginTest -->
