<?xml version="1.0" encoding="UTF-8"?>
<!-- Generated by org.testng.reporters.JUnitReportReporter -->
<testsuite skipped="0" hostname="DELL" name="TestNGBasics.DependsMethodsInNG" tests="3" failures="0" timestamp="2020-02-23T16:23:30 IST" time="17.046" errors="0">
  <testcase name="verifyGoogleLinkTest" time="5.355" classname="TestNGBasics.DependsMethodsInNG"/>
  <testcase name="verifyGoogleTitleTest" time="6.286" classname="TestNGBasics.DependsMethodsInNG"/>
  <testcase name="verifyGoogleLogoTest" time="5.405" classname="TestNGBasics.DependsMethodsInNG"/>
</testsuite> <!-- TestNGBasics.DependsMethodsInNG -->
