<?xml version="1.0" encoding="UTF-8"?>
<!-- Generated by org.testng.reporters.JUnitReportReporter -->
<testsuite skipped="2" hostname="DELL" name="com.testng.GoogleTest" tests="3" failures="0" timestamp="2020-03-02T10:46:25 IST" time="13.678" errors="0">
  <testcase name="verifyGoogleLogoTest" time="13.678" classname="com.testng.GoogleTest"/>
  <testcase name="verifyGoogleLinkTest" classname="com.testng.GoogleTest">
    <skipped/>
  </testcase> <!-- verifyGoogleLinkTest -->
  <testcase name="verifyGoogleTitleTest" classname="com.testng.GoogleTest">
    <skipped/>
  </testcase> <!-- verifyGoogleTitleTest -->
</testsuite> <!-- com.testng.GoogleTest -->
