<?xml version="1.0" encoding="UTF-8"?>
<!-- Generated by org.testng.reporters.JUnitReportReporter -->
<testsuite skipped="0" hostname="DELL" name="TestNGBasics.InvocationCountTest" tests="5" failures="0" timestamp="2020-02-23T18:12:18 IST" time="0.040" errors="0">
  <testcase name="sum" time="0.002" classname="TestNGBasics.InvocationCountTest"/>
  <testcase name="sum" time="0.010" classname="TestNGBasics.InvocationCountTest"/>
  <testcase name="sum" time="0.015" classname="TestNGBasics.InvocationCountTest"/>
  <testcase name="sum" time="0.008" classname="TestNGBasics.InvocationCountTest"/>
  <testcase name="sum" time="0.005" classname="TestNGBasics.InvocationCountTest"/>
</testsuite> <!-- TestNGBasics.InvocationCountTest -->
