<?xml version="1.0" encoding="UTF-8"?>
<!-- Generated by org.testng.reporters.JUnitReportReporter -->
<testsuite skipped="0" hostname="DELL" name="com.testng.InvocationCountTest" tests="5" failures="0" timestamp="2020-02-23T19:08:47 IST" time="0.023" errors="0">
  <testcase name="sum" time="0.004" classname="com.testng.InvocationCountTest"/>
  <testcase name="sum" time="0.008" classname="com.testng.InvocationCountTest"/>
  <testcase name="sum" time="0.004" classname="com.testng.InvocationCountTest"/>
  <testcase name="sum" time="0.004" classname="com.testng.InvocationCountTest"/>
  <testcase name="sum" time="0.003" classname="com.testng.InvocationCountTest"/>
</testsuite> <!-- com.testng.InvocationCountTest -->
