<?xml version="1.0" encoding="UTF-8"?>
<!-- Generated by org.testng.reporters.JUnitReportReporter -->
<testsuite skipped="0" hostname="DELL" name="TestNGBasics.ExceptionTimeoutTest" tests="1" failures="0" timestamp="2020-02-23T18:24:49 IST" time="0.013" errors="0">
  <testcase name="sum" time="0.013" classname="TestNGBasics.ExceptionTimeoutTest"/>
</testsuite> <!-- TestNGBasics.ExceptionTimeoutTest -->
